app/proguard-rules.pro
#指定代码的压缩级别
-optimizationpasses 7
#包明不混合大小写
#-dontusemixedcaseclassnames
#不去忽略非公共的库类
-dontskipnonpubliclibraryclasses
-dontskipnonpubliclibraryclassmembers
#优化 不优化输入的类文件
#-dontoptimize
-obfuscationdictionary dictionary.txt
-classobfuscationdictionary dictionary.txt
-packageobfuscationdictionary  dictionary.txt
#预校验
-dontpreverify
#混淆时是否记录日志
-verbose
#混淆时所采用的算法
-optimizations !code/simplification/arithmetic,!code/simplication/cast,!field/*,!class/mergin/*
#避免混淆Annotation、内部类、泛型、匿名类
#-keepattributes *Annotation*,InnerClasses,Signature,EnclosingMethod

#保护注解
#-keepattributes Annotation
#保持哪些类不被混淆
-keep class com.coderstory.flyme.plugins.start

 -keep class com.coderstory.flyme.activity.MainActivity {
          boolean isEnable();
  }

#如果有引用v4包可以添加下面这行
#-keep public class * extends android.support.v4.app.Fragment
#-keep public class * extends android.support.v7.app.Fragment
#忽略警告
#-ignorewarning
#记录生成的日志数据,gradle build时在本项目根目录输出
#apk 包内所有 class 的内部结构
-dump class_files.txt
#未混淆的类和成员
-printseeds seeds.txt
#列出从 apk 中删除的代码
-printusage unused.txt
#混淆前后的映射
-printmapping mapping.txt