app/seeds.txt
com.coderstory.flyme.R$styleable: int[] FloatingActionButton_Behavior_Layout
com.coderstory.flyme.R$styleable: int AppCompatTheme_actionBarSplitStyle
com.coderstory.flyme.R$styleable: int[] MaterialButton
com.coderstory.flyme.R$styleable: int CompoundButton_buttonTintMode
com.coderstory.flyme.R$styleable: int SwitchCompat_android_textOn
com.coderstory.flyme.R$styleable: int AlertDialog_buttonIconDimen
com.coderstory.flyme.R$styleable: int FontFamily_fontProviderQuery
com.coderstory.flyme.R$styleable: int SwitchCompat_android_thumb
com.coderstory.flyme.R$styleable: int[] AppBarLayout_Layout
com.coderstory.flyme.R$styleable: int AppCompatTheme_buttonBarNegativeButtonStyle
com.coderstory.flyme.R$styleable: int TabLayout_tabTextAppearance
com.coderstory.flyme.R$styleable: int MenuItem_actionLayout
com.coderstory.flyme.R$styleable: int FloatingActionButton_Behavior_Layout_behavior_autoHide
com.coderstory.flyme.R$styleable: int BottomSheetBehavior_Layout_behavior_hideable
com.coderstory.flyme.R$styleable: int ColorStateListItem_android_alpha
com.coderstory.flyme.R$styleable: int Toolbar_popupTheme
com.coderstory.flyme.R$styleable: int[] AnimatedStateListDrawableTransition
com.coderstory.purify.preferencesProvider: preferencesProvider()
com.coderstory.flyme.R$styleable: int MaterialTextView_android_textAppearance
com.coderstory.flyme.R$styleable: int AppCompatTheme_selectableItemBackgroundBorderless
com.coderstory.flyme.R$styleable: int TextAppearance_textAllCaps
com.coderstory.flyme.R$styleable: int AnimatedStateListDrawableCompat_android_exitFadeDuration
com.coderstory.flyme.R$styleable: int[] TextInputLayout
com.coderstory.flyme.R$styleable: int MenuGroup_android_id
com.coderstory.flyme.R$styleable: int[] RecycleListView
com.coderstory.flyme.R$styleable: int GradientColor_android_endColor
com.coderstory.flyme.R$styleable: int TextInputLayout_hintAnimationEnabled
com.coderstory.flyme.R$styleable: int SwitchCompat_splitTrack
com.coderstory.flyme.R$styleable: int Chip_closeIconStartPadding
com.coderstory.flyme.R$styleable: int[] CardView
com.coderstory.flyme.R$styleable: int GradientColor_android_startColor
com.coderstory.flyme.R$styleable: int PopupWindow_android_popupBackground
com.coderstory.flyme.R$styleable: int[] MenuGroup
com.coderstory.flyme.R$styleable: int MaterialAlertDialogTheme_materialAlertDialogTheme
com.coderstory.flyme.R$styleable: int[] GradientColor
com.coderstory.purify.activity.MainActivity
com.coderstory.flyme.R$styleable: int AppCompatTheme_dialogPreferredPadding
com.coderstory.flyme.R$styleable: int AppCompatTextView_autoSizePresetSizes
com.coderstory.flyme.R$styleable: int AppCompatTheme_colorPrimaryDark
com.coderstory.flyme.R$styleable: int AppCompatTheme_spinnerStyle
com.coderstory.flyme.R$styleable: int MaterialButton_strokeColor
com.coderstory.flyme.R$styleable: int ActionBar_contentInsetStartWithNavigation
com.coderstory.flyme.R$styleable: int NavigationView_itemShapeAppearance
com.coderstory.flyme.R$styleable: int AppCompatTheme_actionBarDivider
com.coderstory.purify.activity.ToolbarActivity
com.coderstory.flyme.R$styleable: int AppCompatTheme_toolbarStyle
com.coderstory.flyme.R$styleable: int MenuView_android_windowAnimationStyle
com.coderstory.flyme.R$styleable: int TextInputLayout_endIconTintMode
com.coderstory.flyme.R$styleable: int Chip_chipIconTint
com.coderstory.flyme.R$styleable: int FontFamily_fontProviderAuthority
com.coderstory.flyme.R$styleable: int AppCompatTheme_actionModePopupWindowStyle
com.coderstory.flyme.R$styleable: int NavigationView_itemIconPadding
com.coderstory.flyme.R$styleable: int ExtendedFloatingActionButton_Behavior_Layout_behavior_autoShrink
com.coderstory.purify.activity.MainActivity: boolean isEnable()
com.coderstory.flyme.R$styleable: int Toolbar_titleMargin
com.coderstory.flyme.R$styleable: int MenuView_subMenuArrow
com.coderstory.flyme.R$styleable: int MaterialButton_iconTint
com.coderstory.flyme.R$styleable: int TextInputLayout_boxCornerRadiusTopEnd
...
com.google.android.material.R$id: int accessibility_custom_action_24
androidx.appcompat.widget.AppCompatEditText: void setSupportBackgroundTintList(android.content.res.ColorStateList)
com.google.android.material.R$attr: int panelBackground
androidx.appcompat.R$styleable: int AppCompatImageView_tintMode
com.google.android.material.textfield.TextInputLayout: void setEndIconCheckable(boolean)
androidx.appcompat.app.AppCompatViewInflater: android.view.View createViewByPrefix(android.content.Context,java.lang.String,java.lang.String)
com.google.android.material.R$styleable: int TextInputLayout_passwordToggleContentDescription
com.google.android.material.card.MaterialCardView: void setClickable(boolean)
androidx.appcompat.R$attr: int homeAsUpIndicator
com.google.android.material.snackbar.Snackbar$SnackbarLayout: void setOnClickListener(android.view.View$OnClickListener)
com.google.android.material.behavior.SwipeDismissBehavior: SwipeDismissBehavior()
com.google.android.material.R$color: int button_material_dark
per.goweii.anylayer.R$id: int title
androidx.appcompat.R$layout: int abc_activity_chooser_view_list_item
androidx.appcompat.resources.R$styleable: int GradientColor_android_endColor
com.google.android.material.R$id: int accessibility_custom_action_17
per.goweii.anylayer.R$id: int chronometer
com.google.android.material.R$styleable: int MenuView_subMenuArrow
androidx.appcompat.R$styleable: int ViewBackgroundHelper_android_background
com.google.android.material.R$attr: int helperTextEnabled
com.google.android.material.R$id: int none
com.google.android.material.R$id: int scale
com.google.android.material.R$layout: int abc_alert_dialog_material
com.google.android.material.R$id: int container
com.google.android.material.internal.ScrimInsetsFrameLayout: void setDrawTopInsetForeground(boolean)
com.google.android.material.R$style: int Theme_MaterialComponents_DayNight_Dialog_Bridge
androidx.appcompat.R$attr: int overlapAnchor
com.google.android.material.R$dimen: int mtrl_extended_fab_corner_radius
com.google.android.material.floatingactionbutton.FloatingActionButton: void setShowMotionSpecResource(int)
com.google.android.material.R$styleable: int BottomNavigationView_elevation
androidx.recyclerview.widget.RecyclerView: boolean isPreferredNextFocus(android.view.View,android.view.View,int)
androidx.appcompat.R$layout: int abc_search_dropdown_item_icons_2line
androidx.appcompat.widget.AppCompatButton: int getAutoSizeMaxTextSize()
androidx.appcompat.widget.AppCompatButton: void setAutoSizeTextTypeWithDefaults(int)
com.google.android.material.R$drawable: int notification_bg_low_normal
com.google.android.material.R$style: int Widget_AppCompat_Light_ListPopupWindow
androidx.recyclerview.widget.RecyclerView: void invalidateGlows()
androidx.coordinatorlayout.R$styleable: int[] ColorStateListItem
androidx.core.R$id: int accessibility_custom_action_9
androidx.appcompat.R$styleable: int AppCompatTextView_fontFamily
androidx.appcompat.R$styleable: int AppCompatTheme_colorPrimary
com.google.android.material.R$styleable: int[] BottomAppBar
androidx.appcompat.R$dimen: int abc_text_size_display_1_material
androidx.appcompat.widget.Toolbar: void setTitleMarginEnd(int)
androidx.appcompat.R$string: int abc_action_bar_up_description
com.google.android.material.R$attr: int subMenuArrow
com.google.android.material.R$id: int accessibility_custom_action_19
androidx.appcompat.R$color: int switch_thumb_material_dark
com.google.android.material.R$attr: int startIconCheckable
androidx.appcompat.R$attr: int fontFamily
com.google.android.material.behavior.HideBottomViewOnScrollBehavior
androidx.appcompat.R$attr: int colorPrimary
androidx.appcompat.R$style: int Widget_AppCompat_Light_SearchView
androidx.appcompat.R$styleable: int AppCompatTheme_actionBarTabBarStyle
com.google.android.material.R$attr: int headerLayout
com.google.android.material.R$id: int tag_transition_group
androidx.appcompat.R$drawable: int notification_bg_normal