app/unused.txt
com.coderstory.purify.utils.licensesdialog.LicensesDialog$6
com.coderstory.purify.config.Misc:
    public void <init>()
    private static final java.lang.String BasePath
    public static final java.lang.String SystemPckagePath
    public static final java.lang.String BackPath
    public static final java.lang.String CrashFilePath
    public static final java.lang.String MyBlogUrl
    public static final java.lang.String ApplicationName
    public static final java.lang.String SharedPreferencesName
    public static final java.lang.String HostFileTmpName
com.coderstory.flyme.R$style
com.coderstory.purify.adapter.AppInfo:
    private void setVersionCode(int)
    public java.lang.String getAppDir()
    public void setAppDir(java.lang.String)
    public int getVersionCode()
    public void setFileSize(java.lang.String)
    public void setReleaseDate(java.lang.String)
    private java.lang.String AppDir
com.coderstory.flyme.R$layout
com.coderstory.flyme.R$id
com.coderstory.purify.module.FlymeHome:
    public void initZygote(de.robv.android.xposed.IXposedHookZygoteInit$StartupParam)
com.coderstory.flyme.R$animator
com.coderstory.purify.refresh_view.SunRefreshView:
    private static final float SCALE_START_PERCENT
    private static final int ANIMATION_DURATION
    private static final float SKY_RATIO
    private static final float SKY_INITIAL_SCALE
    private static final float TOWN_RATIO
    private static final float TOWN_INITIAL_SCALE
    private static final float TOWN_FINAL_SCALE
    private static final float SUN_FINAL_SCALE
    private static final float SUN_INITIAL_ROTATE_GROWTH
    private static final float SUN_FINAL_ROTATE_GROWTH
com.coderstory.flyme.R$bool
com.coderstory.flyme.R$dimen
com.coderstory.purify.module.ThemePatcher:
    public void handleInitPackageResources(de.robv.android.xposed.callbacks.XC_InitPackageResources$InitPackageResourcesParam)
    public void initZygote(de.robv.android.xposed.IXposedHookZygoteInit$StartupParam)
com.coderstory.purify.utils.SnackBarUtils:
    public void info(java.lang.String,android.view.View$OnClickListener)
    public void warning()
    public void warning(java.lang.String,android.view.View$OnClickListener)
    public void danger(java.lang.String,android.view.View$OnClickListener)
    public void success()
    public void success(java.lang.String,android.view.View$OnClickListener)
    public void show(java.lang.String,android.view.View$OnClickListener)
    private static final int color_danger
    private static final int color_success
    private static final int color_info
    private static final int color_warning
    private static final int color_action
com.coderstory.purify.utils.licensesdialog.LicensesDialog$7
com.coderstory.purify.module.FlymeRoot:
    public void initZygote(de.robv.android.xposed.IXposedHookZygoteInit$StartupParam)
com.coderstory.flyme.R$plurals
com.coderstory.purify.utils.licensesdialog.NoticesHtmlBuilder:
    public com.coderstory.purify.utils.licensesdialog.NoticesHtmlBuilder setNotice(com.coderstory.purify.utils.licensesdialog.model.Notice)
com.coderstory.purify.preferences.PreferencesProvider:
    public static final int STRING_CONTENT_URI_CODE
    public static final int INTEGER_CONTENT_URI_CODE
    public static final int LONG_CONTENT_URI_CODE
    public static final int FLOAT_CONTENT_URI_CODE
    public static final int BOOLEAN_CONTENT_URI_CODE
    public static final int DELETE_CONTENT_URI_CODE
    public static final int PUTS_CONTENT_URI_CODE
com.coderstory.flyme.BuildConfig
com.coderstory.purify.fragment.base.BaseFragment:
    public static final java.lang.String PREFS_FOLDER
    public static final java.lang.String PREFS_FILE
com.coderstory.flyme.R$interpolator
...
androidx.appcompat.graphics.drawable.DrawerArrowDrawable:
    public void setArrowHeadLength(float)
    public float getArrowHeadLength()
    public void setArrowShaftLength(float)
    public float getArrowShaftLength()
    public float getBarLength()
    public void setBarLength(float)
    public int getColor()
    public float getBarThickness()
    public float getGapSize()
    public void setDirection(int)
    public boolean isSpinEnabled()
    public int getDirection()
    public float getProgress()
    public final android.graphics.Paint getPaint()
    public static final int ARROW_DIRECTION_LEFT
    public static final int ARROW_DIRECTION_RIGHT
    public static final int ARROW_DIRECTION_START
    public static final int ARROW_DIRECTION_END
androidx.core.app.NotificationCompat$CarExtender$UnreadConversation$Builder
androidx.coordinatorlayout.widget.CoordinatorLayout:
    public boolean doViewsOverlap(android.view.View,android.view.View)
    static final java.lang.String TAG
    private static final int TYPE_ON_INTERCEPT
    private static final int TYPE_ON_TOUCH
    static final int EVENT_PRE_DRAW
    static final int EVENT_NESTED_SCROLL
    static final int EVENT_VIEW_REMOVED
androidx.transition.Styleable
androidx.transition.Styleable$ChangeBounds
androidx.slidingpanelayout.widget.SlidingPaneLayout$AccessibilityDelegate
com.google.android.material.R$animator:
    private void <init>()
androidx.appcompat.R$attr:
    private void <init>()
androidx.appcompat.view.menu.ListMenuItemView:
    public boolean showsIcon()
    private static final java.lang.String TAG
com.google.android.material.shape.CornerTreatment:
    public void getCornerPath(float,float,com.google.android.material.shape.ShapePath)
androidx.loader.R
androidx.viewpager.widget.ViewPager$DecorView
androidx.appcompat.resources.R$drawable:
    private void <init>()
androidx.cardview.widget.CardViewImpl:
    public abstract void updatePadding(androidx.cardview.widget.CardViewDelegate)
androidx.legacy.v4.R
eightbitlab.com.blurview.BlurView
androidx.cursoradapter.R
androidx.appcompat.widget.ActivityChooserModel$ActivitySorter
androidx.core.provider.FontsContractCompat:
    private void <init>()
    public static void resetCache()
    public static void requestFont(android.content.Context,androidx.core.provider.FontRequest,androidx.core.provider.FontsContractCompat$FontRequestCallback,android.os.Handler)
    private static void requestFontInternal(android.content.Context,androidx.core.provider.FontRequest,androidx.core.provider.FontsContractCompat$FontRequestCallback,android.os.Handler)
    public static android.graphics.Typeface buildTypeface(android.content.Context,android.os.CancellationSignal,androidx.core.provider.FontsContractCompat$FontInfo[])
    public static final java.lang.String PARCEL_FONT_RESULTS
    static final int RESULT_CODE_PROVIDER_NOT_FOUND
    static final int RESULT_CODE_WRONG_CERTIFICATES
    private static final int BACKGROUND_THREAD_KEEP_ALIVE_DURATION_MS
androidx.core.content.FileProvider$SimplePathStrategy:
    public android.net.Uri getUriForFile(java.io.File)
eightbitlab.com.blurview.BlockingBlurController
com.google.android.material.floatingactionbutton.ExtendedFloatingActionButton$ExtendedFloatingActionButtonBehavior:
    public void setAutoHideEnabled(boolean)
    public boolean isAutoHideEnabled()
    public void setAutoShrinkEnabled(boolean)
    public boolean isAutoShrinkEnabled()
    void setInternalAutoHideCallback(com.google.android.material.floatingactionbutton.ExtendedFloatingActionButton$OnChangedCallback)
    void setInternalAutoShrinkCallback(com.google.android.material.floatingactionbutton.ExtendedFloatingActionButton$OnChangedCallback)
    private static final boolean AUTO_HIDE_DEFAULT
    private static final boolean AUTO_SHRINK_DEFAULT
androidx.media.VolumeProviderCompat
per.goweii.anylayer.R
androidx.slidingpanelayout.widget.SlidingPaneLayout$SavedState